2020-01-17 14:51:05,946 INFO 12800 [Timer] D:\vscodework\charantia\nodejs\egg-system\node_modules\egg-multipart\app\schedule\clean_tmpdir.js next time will execute after 49134058ms at 2020-01-18 04:30:00.004
2020-01-17 14:51:05,946 INFO 12800 [Timer] D:\vscodework\charantia\nodejs\egg-system\node_modules\egg-logrotator\app\schedule\clean_log.js next time will execute after 32934054ms at 2020-01-18 00:00:00.000
2020-01-17 14:51:05,947 INFO 12800 [Timer] D:\vscodework\charantia\nodejs\egg-system\node_modules\egg-logrotator\app\schedule\rotate_by_file.js next time will execute after 32935054ms at 2020-01-18 00:00:01.001
2020-01-17 14:51:05,177 INFO 1624 [egg-schedule]: register schedule D:\vscodework\charantia\nodejs\egg-system\node_modules\egg-multipart\app\schedule\clean_tmpdir.js
2020-01-17 14:51:05,177 INFO 1624 [egg-schedule]: register schedule D:\vscodework\charantia\nodejs\egg-system\node_modules\egg-logrotator\app\schedule\clean_log.js
2020-01-17 14:51:05,177 INFO 1624 [egg-schedule]: register schedule D:\vscodework\charantia\nodejs\egg-system\node_modules\egg-logrotator\app\schedule\rotate_by_file.js
2020-01-17 14:51:47,069 INFO 14032 [egg-schedule]: register schedule D:\vscodework\charantia\nodejs\egg-system\node_modules\egg-multipart\app\schedule\clean_tmpdir.js
2020-01-17 14:51:47,070 INFO 14032 [egg-schedule]: register schedule D:\vscodework\charantia\nodejs\egg-system\node_modules\egg-logrotator\app\schedule\clean_log.js
2020-01-17 14:51:47,070 INFO 14032 [egg-schedule]: register schedule D:\vscodework\charantia\nodejs\egg-system\node_modules\egg-logrotator\app\schedule\rotate_by_file.js
2020-01-17 15:14:23,256 INFO 13424 [egg-schedule]: register schedule D:\vscodework\charantia\nodejs\egg-system\node_modules\egg-multipart\app\schedule\clean_tmpdir.js
2020-01-17 15:14:23,256 INFO 13424 [egg-schedule]: register schedule D:\vscodework\charantia\nodejs\egg-system\node_modules\egg-logrotator\app\schedule\clean_log.js
2020-01-17 15:14:23,256 INFO 13424 [egg-schedule]: register schedule D:\vscodework\charantia\nodejs\egg-system\node_modules\egg-logrotator\app\schedule\rotate_by_file.js
2020-01-17 15:14:27,979 INFO 14132 [egg-schedule]: register schedule D:\vscodework\charantia\nodejs\egg-system\node_modules\egg-multipart\app\schedule\clean_tmpdir.js
2020-01-17 15:14:27,979 INFO 14132 [egg-schedule]: register schedule D:\vscodework\charantia\nodejs\egg-system\node_modules\egg-logrotator\app\schedule\clean_log.js
2020-01-17 15:14:27,979 INFO 14132 [egg-schedule]: register schedule D:\vscodework\charantia\nodejs\egg-system\node_modules\egg-logrotator\app\schedule\rotate_by_file.js
2020-01-17 15:14:42,058 INFO 14060 [egg-schedule]: register schedule D:\vscodework\charantia\nodejs\egg-system\node_modules\egg-multipart\app\schedule\clean_tmpdir.js
2020-01-17 15:14:42,058 INFO 14060 [egg-schedule]: register schedule D:\vscodework\charantia\nodejs\egg-system\node_modules\egg-logrotator\app\schedule\clean_log.js
2020-01-17 15:14:42,058 INFO 14060 [egg-schedule]: register schedule D:\vscodework\charantia\nodejs\egg-system\node_modules\egg-logrotator\app\schedule\rotate_by_file.js
2020-01-17 15:45:45,228 INFO 13868 [egg-schedule]: register schedule D:\vscodework\charantia\nodejs\egg-system\node_modules\egg-multipart\app\schedule\clean_tmpdir.js
2020-01-17 15:45:45,228 INFO 13868 [egg-schedule]: register schedule D:\vscodework\charantia\nodejs\egg-system\node_modules\egg-logrotator\app\schedule\clean_log.js
2020-01-17 15:45:45,228 INFO 13868 [egg-schedule]: register schedule D:\vscodework\charantia\nodejs\egg-system\node_modules\egg-logrotator\app\schedule\rotate_by_file.js
2020-01-17 15:45:47,948 INFO 11928 [egg-schedule]: register schedule D:\vscodework\charantia\nodejs\egg-system\node_modules\egg-multipart\app\schedule\clean_tmpdir.js
2020-01-17 15:45:47,948 INFO 11928 [egg-schedule]: register schedule D:\vscodework\charantia\nodejs\egg-system\node_modules\egg-logrotator\app\schedule\clean_log.js
2020-01-17 15:45:47,948 INFO 11928 [egg-schedule]: register schedule D:\vscodework\charantia\nodejs\egg-system\node_modules\egg-logrotator\app\schedule\rotate_by_file.js
2020-01-17 15:45:50,013 INFO 14056 [egg-schedule]: register schedule D:\vscodework\charantia\nodejs\egg-system\node_modules\egg-multipart\app\schedule\clean_tmpdir.js
2020-01-17 15:45:50,013 INFO 14056 [egg-schedule]: register schedule D:\vscodework\charantia\nodejs\egg-system\node_modules\egg-logrotator\app\schedule\clean_log.js
2020-01-17 15:45:50,013 INFO 14056 [egg-schedule]: register schedule D:\vscodework\charantia\nodejs\egg-system\node_modules\egg-logrotator\app\schedule\rotate_by_file.js
2020-01-17 15:51:15,130 INFO 14852 [egg-schedule]: register schedule D:\vscodework\charantia\nodejs\egg-system\node_modules\egg-multipart\app\schedule\clean_tmpdir.js
2020-01-17 15:51:15,131 INFO 14852 [egg-schedule]: register schedule D:\vscodework\charantia\nodejs\egg-system\node_modules\egg-logrotator\app\schedule\clean_log.js
2020-01-17 15:51:15,131 INFO 14852 [egg-schedule]: register schedule D:\vscodework\charantia\nodejs\egg-system\node_modules\egg-logrotator\app\schedule\rotate_by_file.js
2020-01-17 16:27:59,802 INFO 12604 [egg-schedule]: register schedule D:\vscodework\charantia\nodejs\egg-system\node_modules\egg-multipart\app\schedule\clean_tmpdir.js
2020-01-17 16:27:59,803 INFO 12604 [egg-schedule]: register schedule D:\vscodework\charantia\nodejs\egg-system\node_modules\egg-logrotator\app\schedule\clean_log.js
2020-01-17 16:27:59,803 INFO 12604 [egg-schedule]: register schedule D:\vscodework\charantia\nodejs\egg-system\node_modules\egg-logrotator\app\schedule\rotate_by_file.js
2020-01-17 16:28:03,427 INFO 15752 [egg-schedule]: register schedule D:\vscodework\charantia\nodejs\egg-system\node_modules\egg-multipart\app\schedule\clean_tmpdir.js
2020-01-17 16:28:03,427 INFO 15752 [egg-schedule]: register schedule D:\vscodework\charantia\nodejs\egg-system\node_modules\egg-logrotator\app\schedule\clean_log.js
2020-01-17 16:28:03,427 INFO 15752 [egg-schedule]: register schedule D:\vscodework\charantia\nodejs\egg-system\node_modules\egg-logrotator\app\schedule\rotate_by_file.js
2020-01-17 17:13:00,999 INFO 18412 [egg-schedule]: register schedule D:\vscodework\charantia\nodejs\egg-system\node_modules\egg-multipart\app\schedule\clean_tmpdir.js
2020-01-17 17:13:00,999 INFO 18412 [egg-schedule]: register schedule D:\vscodework\charantia\nodejs\egg-system\node_modules\egg-logrotator\app\schedule\clean_log.js
2020-01-17 17:13:00,999 INFO 18412 [egg-schedule]: register schedule D:\vscodework\charantia\nodejs\egg-system\node_modules\egg-logrotator\app\schedule\rotate_by_file.js
2020-01-17 17:13:11,015 INFO 17824 [egg-schedule]: register schedule D:\vscodework\charantia\nodejs\egg-system\node_modules\egg-multipart\app\schedule\clean_tmpdir.js
2020-01-17 17:13:11,015 INFO 17824 [egg-schedule]: register schedule D:\vscodework\charantia\nodejs\egg-system\node_modules\egg-logrotator\app\schedule\clean_log.js
2020-01-17 17:13:11,016 INFO 17824 [egg-schedule]: register schedule D:\vscodework\charantia\nodejs\egg-system\node_modules\egg-logrotator\app\schedule\rotate_by_file.js
